[0.775s] Invoking command in '/home/rokey/turtlebot4_slam_proj/src/slam_pkg': PYTHONPATH=/home/rokey/turtlebot4_slam_proj/build/slam_pkg/prefix_override:/usr/lib/python3/dist-packages/colcon_core/task/python/colcon_distutils_commands:/home/rokey/turtlebot4_slam_proj/install/slam_pkg/lib/python3.10/site-packages:${PYTHONPATH} /usr/bin/python3 -W ignore:setup.py install is deprecated -W ignore:easy_install command is deprecated setup.py egg_info --egg-base ../../build/slam_pkg build --build-base /home/rokey/turtlebot4_slam_proj/build/slam_pkg/build install --record /home/rokey/turtlebot4_slam_proj/build/slam_pkg/install.log --single-version-externally-managed install_data
[1.084s] running egg_info
[1.098s] writing ../../build/slam_pkg/slam_pkg.egg-info/PKG-INFO
[1.098s] writing dependency_links to ../../build/slam_pkg/slam_pkg.egg-info/dependency_links.txt
[1.098s] writing entry points to ../../build/slam_pkg/slam_pkg.egg-info/entry_points.txt
[1.098s] writing requirements to ../../build/slam_pkg/slam_pkg.egg-info/requires.txt
[1.098s] writing top-level names to ../../build/slam_pkg/slam_pkg.egg-info/top_level.txt
[1.123s] reading manifest file '../../build/slam_pkg/slam_pkg.egg-info/SOURCES.txt'
[1.123s] writing manifest file '../../build/slam_pkg/slam_pkg.egg-info/SOURCES.txt'
[1.124s] running build
[1.124s] running build_py
[1.124s] copying slam_pkg/explore_map.py -> /home/rokey/turtlebot4_slam_proj/build/slam_pkg/build/lib/slam_pkg
[1.124s] running install
[1.130s] running install_lib
[1.142s] copying /home/rokey/turtlebot4_slam_proj/build/slam_pkg/build/lib/slam_pkg/explore_map.py -> /home/rokey/turtlebot4_slam_proj/install/slam_pkg/lib/python3.10/site-packages/slam_pkg
[1.142s] byte-compiling /home/rokey/turtlebot4_slam_proj/install/slam_pkg/lib/python3.10/site-packages/slam_pkg/explore_map.py to explore_map.cpython-310.pyc
[1.144s] running install_data
[1.144s] running install_egg_info
[1.157s] removing '/home/rokey/turtlebot4_slam_proj/install/slam_pkg/lib/python3.10/site-packages/slam_pkg-0.0.0-py3.10.egg-info' (and everything under it)
[1.157s] Copying ../../build/slam_pkg/slam_pkg.egg-info to /home/rokey/turtlebot4_slam_proj/install/slam_pkg/lib/python3.10/site-packages/slam_pkg-0.0.0-py3.10.egg-info
[1.158s] running install_scripts
[1.218s] Installing explore script to /home/rokey/turtlebot4_slam_proj/install/slam_pkg/lib/slam_pkg
[1.218s] Installing map script to /home/rokey/turtlebot4_slam_proj/install/slam_pkg/lib/slam_pkg
[1.218s] writing list of installed files to '/home/rokey/turtlebot4_slam_proj/build/slam_pkg/install.log'
[1.252s] Invoked command in '/home/rokey/turtlebot4_slam_proj/src/slam_pkg' returned '0': PYTHONPATH=/home/rokey/turtlebot4_slam_proj/build/slam_pkg/prefix_override:/usr/lib/python3/dist-packages/colcon_core/task/python/colcon_distutils_commands:/home/rokey/turtlebot4_slam_proj/install/slam_pkg/lib/python3.10/site-packages:${PYTHONPATH} /usr/bin/python3 -W ignore:setup.py install is deprecated -W ignore:easy_install command is deprecated setup.py egg_info --egg-base ../../build/slam_pkg build --build-base /home/rokey/turtlebot4_slam_proj/build/slam_pkg/build install --record /home/rokey/turtlebot4_slam_proj/build/slam_pkg/install.log --single-version-externally-managed install_data
