running egg_info
writing ../../build/slam_pkg/slam_pkg.egg-info/PKG-INFO
writing dependency_links to ../../build/slam_pkg/slam_pkg.egg-info/dependency_links.txt
writing entry points to ../../build/slam_pkg/slam_pkg.egg-info/entry_points.txt
writing requirements to ../../build/slam_pkg/slam_pkg.egg-info/requires.txt
writing top-level names to ../../build/slam_pkg/slam_pkg.egg-info/top_level.txt
reading manifest file '../../build/slam_pkg/slam_pkg.egg-info/SOURCES.txt'
writing manifest file '../../build/slam_pkg/slam_pkg.egg-info/SOURCES.txt'
running build
running build_py
copying slam_pkg/explore_map.py -> /home/rokey/turtlebot4_slam_proj/build/slam_pkg/build/lib/slam_pkg
running install
running install_lib
copying /home/rokey/turtlebot4_slam_proj/build/slam_pkg/build/lib/slam_pkg/explore_map.py -> /home/rokey/turtlebot4_slam_proj/install/slam_pkg/lib/python3.10/site-packages/slam_pkg
byte-compiling /home/rokey/turtlebot4_slam_proj/install/slam_pkg/lib/python3.10/site-packages/slam_pkg/explore_map.py to explore_map.cpython-310.pyc
running install_data
running install_egg_info
removing '/home/rokey/turtlebot4_slam_proj/install/slam_pkg/lib/python3.10/site-packages/slam_pkg-0.0.0-py3.10.egg-info' (and everything under it)
Copying ../../build/slam_pkg/slam_pkg.egg-info to /home/rokey/turtlebot4_slam_proj/install/slam_pkg/lib/python3.10/site-packages/slam_pkg-0.0.0-py3.10.egg-info
running install_scripts
Installing explore script to /home/rokey/turtlebot4_slam_proj/install/slam_pkg/lib/slam_pkg
Installing map script to /home/rokey/turtlebot4_slam_proj/install/slam_pkg/lib/slam_pkg
writing list of installed files to '/home/rokey/turtlebot4_slam_proj/build/slam_pkg/install.log'
